<?xml version="1.0" encoding="UTF-8"?>
<!-- Generated by org.testng.reporters.JUnitReportReporter -->
<testsuite skipped="0" hostname="Ahmeds-MacBook-Pro.local" name="testinggeico.GetQuote" tests="1" failures="0" timestamp="2021-11-15T14:18:24 PST" time="38.748" errors="0">
  <testcase name="Test" time="38.748" classname="testinggeico.GetQuote"/>
  <system-out/>
</testsuite> <!-- testinggeico.GetQuote -->
